<p:declare-step name="pipeline"
            xmlns:p="http://www.w3.org/ns/xproc"
            xmlns:t="http://xproc.org/ns/testsuite"
            xmlns:c="http://www.w3.org/ns/xproc-step">

<p:input port="source" primary="true" select="/"/>
<p:input port="input-port" primary="false" select="/t:test/t:input/*">
    <p:pipe step="pipeline" port="stdin"/>
</p:input>
<p:input port="output-port" primary="false" select="/t:test/t:output/*">
    <p:pipe step="pipeline" port="stdin"/>
</p:input>
<p:input port="pipeline-port" primary="false" select="/t:test/t:pipeline/*">
    <p:pipe step="pipeline" port="stdin"/>
</p:input>

<p:output port="result" primary="true"/>

<p:identity>
    <p:input port="source">
        <p:pipe port="input-source" step="pipeline"/>
    </p:input>
</p:identity>

</p:declare-step>
