<p:declare-step name="pipeline"
            xmlns:p="http://www.w3.org/ns/xproc"
            xmlns:t="http://xproc.org/ns/testsuite"
            xmlns:c="http://www.w3.org/ns/xproc-step">

<p:input port="source" primary="true" select="//t:title"/>
<p:input port="pipeline" primary="false" select="//t:title">
    <p:pipe step="pipeline" port="source"/>
</p:input>
<p:output port="result" primary="true"/>

   <p:identity/>
   
</p:declare-step>
