<p:declare-step name="pipeline"
            xmlns:p="http://www.w3.org/ns/xproc"
            xmlns:t="http://xproc.org/ns/testsuite"
            xmlns:c="http://www.w3.org/ns/xproc-step">

<p:input port="source" primary="true" select="/"/>

<p:input port="input-source" primary="false" select="t:test/t:input">
    <p:pipe step="pipeline" port="stdin"/>
</p:input>


<p:output port="result" primary="true"/>

<p:identity>
    <p:input port="source">
        <p:pipe port="input-source" step="pipeline"/>
    </p:input>
</p:identity>


<!--

<p:identity name="mystep2">
       <p:input port="source">
           <p:inline>
                <a>test2</a>
           </p:inline>
       </p:input>
</p:identity>

       <p:input port="source">
           <p:pipe port="result" step="mystep2"/>
       </p:input>
   </p:identity>
   
   //-->
   
</p:declare-step>
