<t:test-suite xmlns:t='http://xproc.org/ns/testsuite'>
<t:title>All tests</t:title>
<t:test href='required/unescapemarkup-001.xml'/>
<t:test href='required/compare-001.xml'/>
<t:test href='required/compare-002.xml'/>
<t:test href='required/compare-003.xml'/>
<t:test href='required/count-001.xml'/>
<t:test href='required/compare-004.xml'/>
<t:test href='required/err-s0002-001.xml'/>
<t:test href='required/xslt-001.xml'/>
<t:test href='required/err-s0002-002.xml'/>
<t:test href='required/param-001.xml'/>
<t:test href='required/split-sequence-001.xml'/>
<t:test href='required/param-002.xml'/>
<t:test href='required/split-sequence-002.xml'/>
<t:test href='required/split-sequence-003.xml'/>
<t:test href='required/split-sequence-004.xml'/>
<t:test href='required/insert-001.xml'/>
<t:test href='required/rename-001.xml'/>
<t:test href='required/xinclude-001.xml'/>
<t:test href='required/replace-001.xml'/>
<t:test href='required/err-d0011-001.xml'/>
<t:test href='required/addattribute-001.xml'/>
<t:test href='required/choose-001.xml'/>
<t:test href='required/make-absolute-uris-001.xml'/>
<t:test href='required/identity-001.xml'/>
<t:test href='required/store-001.xml'/>
<t:test href='required/add-xml-base-001.xml'/>
<t:test href='required/add-xml-base-002.xml'/>
<t:test href='required/add-xml-base-003.xml'/>
<t:test href='required/delete-001.xml'/>
<t:test href='required/wrap-001.xml'/>
<t:test href='required/unwrap-001.xml'/>
<t:test href='required/labelelements-001.xml'/>
<t:test href='required/load-001.xml'/>
<t:test href='required/error-001.xml'/>
<t:test href='required/parameters-001.xml'/>
<t:test href='required/namespaces-001.xml'/>
<t:test href='required/namespaces-002.xml'/>
<t:test href='required/namespaces-003.xml'/>
<t:test href='required/escape-markup-001.xml'/>
<t:test href='required/insert-002.xml'/>
<t:test href='required/insert-003.xml'/>
<t:test href='required/insert-004.xml'/>
<t:test href='required/make-absolute-uris-002.xml'/>
<t:test href='required/namespace-rename-001.xml'/>
<t:test href='required/pack-001.xml'/>
<t:test href='required/set-attributes-001.xml'/>
<t:test href='required/http-request-010.xml'/>
<t:test href='required/http-request-001.xml'/>
<t:test href='required/http-request-002.xml'/>
<t:test href='required/http-request-003.xml'/>
<t:test href='required/http-request-004.xml'/>
<t:test href='required/http-request-005.xml'/>
<t:test href='required/http-request-006.xml'/>
<t:test href='required/http-request-007.xml'/>
<t:test href='required/http-request-008.xml'/>
<t:test href='required/http-request-009.xml'/>
<t:test href='required/try-001.xml'/>
<t:test href='required/try-002.xml'/>
<t:test href='required/choose-002.xml'/>
<t:test href='required/compare-005.xml'/>
<t:test href='required/err-s0044-001.xml'/>
<t:test href='required/err-s0014-001.xml'/>
<t:test href='required/err-s0030-001.xml'/>
<t:test href='required/err-primary-001.xml'/>
<t:test href='required/xslt-002.xml'/>
<t:test href='required/xslt-003.xml'/>
<t:test href='required/xslt-004.xml'/>
<t:test href='optional/validrng-001.xml'/>
<t:test href='optional/validxsd-001.xml'/>
<t:test href='optional/validxsd-002.xml'/>
<t:test href='optional/validxsd-003.xml'/>
<t:test href='optional/validxsd-005.xml'/>
<t:test href='optional/validxsd-004.xml'/>
<t:test href='optional/xslt2-001.xml'/>
<t:test href='optional/xslt2-002.xml'/>
<t:test href='optional/exec-001.xml'/>
<t:test href='extension/unimpl-001.xml'/>
</t:test-suite>
