<p:declare-step name="pipeline"
            xmlns:p="http://www.w3.org/ns/xproc"
            xmlns:t="http://xproc.org/ns/testsuite"
            xmlns:c="http://www.w3.org/ns/xproc-step"
            xmlns:ext="http://xproc.net/xproc/ext" 
            xmlns:mine="http://www.example.org/mine">

<p:input port="source" primary="true"/>

<p:input port="input-port" primary="false" select="/t:test/t:input[@port='source']/*">
    <p:pipe step="pipeline" port="stdin"/>
</p:input>
<p:input port="output-port" primary="false" select="/t:test/t:output[@port='result']/*">
    <p:pipe step="pipeline" port="stdin"/>
</p:input>
<p:input port="pipeline-port" primary="false" select="/t:test/t:pipeline/*">
    <p:pipe step="pipeline" port="stdin"/>
</p:input>

<p:output port="result" primary="true"/>

<ext:xproc name="test1">
    <p:input port="source" select="/">
        <p:pipe step="pipeline" port="input-port"/>
    </p:input>
    <p:input port="pipeline" select="/">
        <p:pipe step="pipeline" port="pipeline-port"/>
    </p:input>
</ext:xproc>

<p:compare>
    <p:input port="source">
        <p:pipe port="result" step="test1"/>
    </p:input>
    <p:input port="alternate">
        <p:pipe port="output-port" step="pipeline"/>
    </p:input>
</p:compare>

</p:declare-step>
